<?xml version="1.0" encoding="UTF-8"?>
<!-- Generated by org.testng.reporters.JUnitXMLReporter -->
<testsuite ignored="0" hostname="Umair-G5" failures="0" tests="5" name="GoRestTest" time="12.181" errors="0" timestamp="2023-11-05T17:00:43 PKT">
  <testcase classname="api.test.userTests" name="testCreateUser" time="4.319"/>
  <testcase classname="api.test.userTests" name="testGetUserByID" time="1.979"/>
  <testcase classname="api.test.userTests" name="testUpdateUser" time="2.64"/>
  <testcase classname="api.test.userTests" name="testDeleteUser" time="1.101"/>
  <testcase classname="api.test.userTests" name="testGetUserAfterDelete" time="0.888"/>
</testsuite> <!-- GoRestTest -->
