<?xml version="1.0" encoding="UTF-8"?>
<!-- Generated by org.testng.reporters.JUnitXMLReporter -->
<testsuite ignored="0" hostname="Umair-G5" failures="0" tests="5" name="Surefire test" time="16.056" errors="0" timestamp="2023-11-05T18:34:21 PKT">
  <testcase classname="api.test.userTests" name="testCreateUser" time="5.554"/>
  <testcase classname="api.test.userTests" name="testGetUserByID" time="4.007"/>
  <testcase classname="api.test.userTests" name="testUpdateUser" time="2.285"/>
  <testcase classname="api.test.userTests" name="testDeleteUser" time="1.825"/>
  <testcase classname="api.test.userTests" name="testGetUserAfterDelete" time="0.815"/>
</testsuite> <!-- Surefire test -->
