<?xml version="1.0" encoding="UTF-8"?>
<testsuite xmlns:xsi="http://www.w3.org/2001/XMLSchema-instance" xsi:noNamespaceSchemaLocation="https://maven.apache.org/surefire/maven-surefire-plugin/xsd/surefire-test-report-3.0.xsd" version="3.0" name="api.test.userTests" time="17.014" tests="5" errors="0" skipped="0" failures="0">
  <properties>
[...]
</properties>
  <testcase name="testCreateUser" classname="api.test.userTests" time="5.557">
    <system-out><![CDATA[{
    "id": 5674032,
    "name": "Erin Hickle",
    "email": "debbra.kulas@hotmail.com",
    "gender": "male",
    "status": "active"
}
5674032
]]></system-out>
    <system-err><![CDATA[SLF4J: Failed to load class "org.slf4j.impl.StaticLoggerBinder".
SLF4J: Defaulting to no-operation (NOP) logger implementation
SLF4J: See http://www.slf4j.org/codes.html#StaticLoggerBinder for further details.
]]></system-err>
  </testcase>
  <testcase name="testGetUserByID" classname="api.test.userTests" time="4.006">
    <system-out><![CDATA[{
    "id": 5674032,
    "name": "Erin Hickle",
    "email": "debbra.kulas@hotmail.com",
    "gender": "male",
    "status": "active"
}
]]></system-out>
  </testcase>
  <testcase name="testUpdateUser" classname="api.test.userTests" time="2.286">
    <system-out><![CDATA[{
    "email": "collin.rempel@gmail.com",
    "name": "Genaro Hills MD",
    "gender": "female",
    "status": "active",
    "id": 5674032
}
]]></system-out>
  </testcase>
  <testcase name="testDeleteUser" classname="api.test.userTests" time="1.826"/>
  <testcase name="testGetUserAfterDelete" classname="api.test.userTests" time="0.824">
    <system-out><![CDATA[{
    "message": "Resource not found"
}
]]></system-out>
  </testcase>
</testsuite>