<?xml version="1.0" encoding="UTF-8"?>
<testng-results ignored="0" total="5" passed="5" failed="0" skipped="0">
  <reporter-output>
  </reporter-output>
  <suite started-at="2023-11-05T18:34:05 PKT" name="Surefire suite" finished-at="2023-11-05T18:34:21 PKT" duration-ms="16056">
    <groups>
    </groups>
    <test started-at="2023-11-05T18:34:05 PKT" name="Surefire test" finished-at="2023-11-05T18:34:21 PKT" duration-ms="16056">
      <class name="api.test.userTests">
        <test-method is-config="true" signature="setUpData()[pri:0, instance:api.test.userTests@75f32542]" started-at="2023-11-05T18:34:05 PKT" name="setUpData" finished-at="2023-11-05T18:34:07 PKT" duration-ms="1493" status="PASS">
          <reporter-output>
          </reporter-output>
        </test-method> <!-- setUpData -->
        <test-method signature="testCreateUser()[pri:1, instance:api.test.userTests@75f32542]" started-at="2023-11-05T18:34:07 PKT" name="testCreateUser" finished-at="2023-11-05T18:34:12 PKT" duration-ms="5554" status="PASS">
          <reporter-output>
          </reporter-output>
        </test-method> <!-- testCreateUser -->
        <test-method signature="testGetUserByID()[pri:2, instance:api.test.userTests@75f32542]" started-at="2023-11-05T18:34:12 PKT" name="testGetUserByID" finished-at="2023-11-05T18:34:16 PKT" duration-ms="4007" status="PASS">
          <reporter-output>
          </reporter-output>
        </test-method> <!-- testGetUserByID -->
        <test-method signature="testUpdateUser()[pri:3, instance:api.test.userTests@75f32542]" started-at="2023-11-05T18:34:16 PKT" name="testUpdateUser" finished-at="2023-11-05T18:34:18 PKT" duration-ms="2285" status="PASS">
          <reporter-output>
          </reporter-output>
        </test-method> <!-- testUpdateUser -->
        <test-method signature="testDeleteUser()[pri:4, instance:api.test.userTests@75f32542]" started-at="2023-11-05T18:34:18 PKT" name="testDeleteUser" finished-at="2023-11-05T18:34:20 PKT" duration-ms="1825" status="PASS">
          <reporter-output>
          </reporter-output>
        </test-method> <!-- testDeleteUser -->
        <test-method signature="testGetUserAfterDelete()[pri:5, instance:api.test.userTests@75f32542]" started-at="2023-11-05T18:34:20 PKT" name="testGetUserAfterDelete" finished-at="2023-11-05T18:34:21 PKT" duration-ms="815" status="PASS">
          <reporter-output>
          </reporter-output>
        </test-method> <!-- testGetUserAfterDelete -->
      </class> <!-- api.test.userTests -->
    </test> <!-- Surefire test -->
  </suite> <!-- Surefire suite -->
</testng-results>
