<?xml version="1.0" encoding="UTF-8"?>
<testng-results ignored="0" total="5" passed="5" failed="0" skipped="0">
  <reporter-output>
  </reporter-output>
  <suite started-at="2023-11-05T17:31:55 PKT" name="Default suite" finished-at="2023-11-05T17:32:02 PKT" duration-ms="7210">
    <groups>
    </groups>
    <test started-at="2023-11-05T17:31:55 PKT" name="Default test" finished-at="2023-11-05T17:32:02 PKT" duration-ms="7210">
      <class name="api.test.userTests2">
        <test-method is-config="true" signature="setUpData()[pri:0, instance:api.test.userTests2@4ec4f3a0]" started-at="2023-11-05T17:31:55 PKT" name="setUpData" finished-at="2023-11-05T17:31:55 PKT" duration-ms="763" status="PASS">
          <reporter-output>
          </reporter-output>
        </test-method> <!-- setUpData -->
        <test-method signature="testCreateUser()[pri:1, instance:api.test.userTests2@4ec4f3a0]" started-at="2023-11-05T17:31:56 PKT" name="testCreateUser" finished-at="2023-11-05T17:31:59 PKT" duration-ms="3594" status="PASS">
          <reporter-output>
          </reporter-output>
        </test-method> <!-- testCreateUser -->
        <test-method signature="testGetUserByID()[pri:2, instance:api.test.userTests2@4ec4f3a0]" started-at="2023-11-05T17:31:59 PKT" name="testGetUserByID" finished-at="2023-11-05T17:32:00 PKT" duration-ms="898" status="PASS">
          <reporter-output>
          </reporter-output>
        </test-method> <!-- testGetUserByID -->
        <test-method signature="testUpdateUser()[pri:3, instance:api.test.userTests2@4ec4f3a0]" started-at="2023-11-05T17:32:00 PKT" name="testUpdateUser" finished-at="2023-11-05T17:32:01 PKT" duration-ms="643" status="PASS">
          <reporter-output>
          </reporter-output>
        </test-method> <!-- testUpdateUser -->
        <test-method signature="testDeleteUser()[pri:4, instance:api.test.userTests2@4ec4f3a0]" started-at="2023-11-05T17:32:01 PKT" name="testDeleteUser" finished-at="2023-11-05T17:32:01 PKT" duration-ms="655" status="PASS">
          <reporter-output>
          </reporter-output>
        </test-method> <!-- testDeleteUser -->
        <test-method signature="testGetUserAfterDelete()[pri:5, instance:api.test.userTests2@4ec4f3a0]" started-at="2023-11-05T17:32:01 PKT" name="testGetUserAfterDelete" finished-at="2023-11-05T17:32:02 PKT" duration-ms="609" status="PASS">
          <reporter-output>
          </reporter-output>
        </test-method> <!-- testGetUserAfterDelete -->
      </class> <!-- api.test.userTests2 -->
    </test> <!-- Default test -->
  </suite> <!-- Default suite -->
</testng-results>
